1694606411868	geckodriver	INFO	Listening on 127.0.0.1:38239
1694606412233	mozrunner::runner	INFO	Running command: "/snap/firefox/current/firefox.launcher" "--marionette" "-headless" "--remote-debugging-port" "36727" "--remote-allow-hosts" "localhost" "-no-remote" "-profile" "/tmp/rust_mozprofilexAXaU7"
*** You are running in headless mode.
Gtk-Message: 17:45:12.261: Not loading module "atk-bridge": The functionality is provided by GTK natively. Please try to not load it.
console.warn: services.settings: Ignoring preference override of remote settings server
console.warn: services.settings: Allow by setting MOZ_REMOTE_SETTINGS_DEVTOOLS=1 in the environment
[GFX1-]: vaapitest: ERROR
[GFX1-]: vaapitest: VA-API test failed: failed to open renderDeviceFD.

1694606412549	Marionette	INFO	Marionette enabled
1694606412609	Marionette	INFO	Listening on port 35873
WebDriver BiDi listening on ws://127.0.0.1:36727
Read port: 35873
1694606412855	RemoteAgent	WARN	TLS certificate errors will be ignored for this session
[GFX1-]: RenderCompositorSWGL failed mapping default framebuffer, no dt
console.error: ({})
DevTools listening on ws://127.0.0.1:36727/devtools/browser/6669d240-f2b1-434b-91a2-01511e264af4
JavaScript warning: https://wise.com/static-assets/app/_next/static/chunks/pages/_app-243f1e680bafd142.js, line 1: Script terminated by timeout at:
8891/e0.prototype._init/<@https://wise.com/static-assets/app/_next/static/chunks/pages/_app-243f1e680bafd142.js:1:257797

console.error: "update.locale" " file doesn't exist in either the application or GRE directories"
Exiting due to channel error.
Exiting due to channel error.
Exiting due to channel error.
Exiting due to channel error.
Exiting due to channel error.
1694606633101	geckodriver	INFO	Listening on 127.0.0.1:44355
1694606633484	mozrunner::runner	INFO	Running command: "/snap/firefox/current/firefox.launcher" "--marionette" "-headless" "--remote-debugging-port" "53053" "--remote-allow-hosts" "localhost" "-no-remote" "-profile" "/tmp/rust_mozprofilexXcRdL"
*** You are running in headless mode.
Gtk-Message: 17:48:53.507: Not loading module "atk-bridge": The functionality is provided by GTK natively. Please try to not load it.
console.warn: services.settings: Ignoring preference override of remote settings server
console.warn: services.settings: Allow by setting MOZ_REMOTE_SETTINGS_DEVTOOLS=1 in the environment
[GFX1-]: vaapitest: ERROR
[GFX1-]: vaapitest: VA-API test failed: failed to open renderDeviceFD.

1694606633780	Marionette	INFO	Marionette enabled
1694606633835	Marionette	INFO	Listening on port 41659
WebDriver BiDi listening on ws://127.0.0.1:53053
Read port: 41659
1694606634087	RemoteAgent	WARN	TLS certificate errors will be ignored for this session
[GFX1-]: RenderCompositorSWGL failed mapping default framebuffer, no dt
console.error: ({})
DevTools listening on ws://127.0.0.1:53053/devtools/browser/062859c2-5800-4da7-b3d0-a827ce780621
console.error: "update.locale" " file doesn't exist in either the application or GRE directories"
1694606730382	geckodriver	INFO	Listening on 127.0.0.1:46559
1694606730766	mozrunner::runner	INFO	Running command: "/snap/firefox/current/firefox.launcher" "--marionette" "-headless" "--remote-debugging-port" "43013" "--remote-allow-hosts" "localhost" "-no-remote" "-profile" "/tmp/rust_mozprofilee0BsbM"
*** You are running in headless mode.
Gtk-Message: 17:50:30.790: Not loading module "atk-bridge": The functionality is provided by GTK natively. Please try to not load it.
console.warn: services.settings: Ignoring preference override of remote settings server
console.warn: services.settings: Allow by setting MOZ_REMOTE_SETTINGS_DEVTOOLS=1 in the environment
[GFX1-]: vaapitest: ERROR
[GFX1-]: vaapitest: VA-API test failed: failed to open renderDeviceFD.

1694606731074	Marionette	INFO	Marionette enabled
1694606731129	Marionette	INFO	Listening on port 42947
WebDriver BiDi listening on ws://127.0.0.1:43013
Read port: 42947
1694606731382	RemoteAgent	WARN	TLS certificate errors will be ignored for this session
[GFX1-]: RenderCompositorSWGL failed mapping default framebuffer, no dt
console.error: ({})
DevTools listening on ws://127.0.0.1:43013/devtools/browser/4e9b5243-a62e-4dfb-b3c8-273d8ad729c5
JavaScript warning: https://wise.com/static-assets/app/_next/static/chunks/pages/_app-243f1e680bafd142.js, line 1: Script terminated by timeout at:
8891/e0.prototype._init/<@https://wise.com/static-assets/app/_next/static/chunks/pages/_app-243f1e680bafd142.js:1:257797

Exiting due to channel error.
Exiting due to channel error.
Exiting due to channel error.
Exiting due to channel error.
Exiting due to channel error.
